Sencha Cmd 6.5.3.6 - Crash report
================================================
An error occurred while executing the following command: app refresh

Diagnostic information:
=======================
                        app.sass.dynamic : true                                              
                          cmd.config.dir : /Users/AGALAZ/bin/Sencha/Cmd/6.5.3.6              
                                 cmd.dir : /Users/AGALAZ/bin/Sencha/Cmd/6.5.3.6              
                    cmd.framework.minver : 5.5.0                                             
                   cmd.framework.version : 99.99                                             
              cmd.merge.tool.args.araxis : -wait -merge -3 -a1 {base} {user} {generated} {out}
              cmd.merge.tool.args.kdiff3 : {base} {user} {generated} -o {out}                
             cmd.merge.tool.args.p4merge : {base} {user} {generated} {out}                   
           cmd.merge.tool.args.smartsync : {user} {generated} {base}                         
          cmd.merge.tool.args.sourcegear : --merge --result={out} {user} {base} {generated}  
            cmd.merge.tool.args.tortoise : -base:{base} -theirs:{generated} -mine:{user} -merged:{out}
                              cmd.minver : 3.0.0.0                                           
                            cmd.platform : osx                                               
                     cmd.unicode.escapes : /Users/AGALAZ/bin/Sencha/Cmd/6.5.3.6/unicode-escapes.json
                             cmd.version : 6.5.3.6                                           
                            cmd.web.port : 1841                                              
                                 ext.dir : /Users/AGALAZ/ext-6.5.2                           
                        ext.license.name : commercial                                        
                     framework.build.dir : ${package.output.base}                            
                     framework.classpath : /Users/AGALAZ/ext-6.5.2/src                       
                    framework.cmd.minver : 6.5.2.15                                          
                   framework.cmd.version : 6.5.2.15                                          
                 framework.compatVersion : 6.5.0                                             
                    framework.config.dir : /Users/AGALAZ/bin/Sencha/Cmd/6.5.3.6/plugins/ext/current
                       framework.creator : Sencha                                            
           framework.detailedDescription : Sencha Ext JS JavaScript Framework                
                           framework.dir : /Users/AGALAZ/ext-6.5.2                           
                  framework.example.apps : admin-dashboard,executive-dashboard,feed-viewer,kitchensink,calendar,classic/desktop,classic/ticket-app,classic/portal,classic/simple-tasks,classic/responsive-app,classic/aria,modern/addressbook,modern/blackberry,modern/energy,modern/stockapp,modern/states,modern/geocongress,modern/oreilly
                framework.example.apps.0 : admin-dashboard                                   
                framework.example.apps.1 : executive-dashboard                               
               framework.example.apps.10 : classic/aria                                      
               framework.example.apps.11 : modern/addressbook                                
               framework.example.apps.12 : modern/blackberry                                 
               framework.example.apps.13 : modern/energy                                     
               framework.example.apps.14 : modern/stockapp                                   
               framework.example.apps.15 : modern/states                                     
               framework.example.apps.16 : modern/geocongress                                
               framework.example.apps.17 : modern/oreilly                                    
                framework.example.apps.2 : feed-viewer                                       
                framework.example.apps.3 : kitchensink                                       
                framework.example.apps.4 : calendar                                          
                framework.example.apps.5 : classic/desktop                                   
                framework.example.apps.6 : classic/ticket-app                                
                framework.example.apps.7 : classic/portal                                    
                framework.example.apps.8 : classic/simple-tasks                              
                framework.example.apps.9 : classic/responsive-app                            
           framework.example.apps.length : 18                                                
                  framework.example.path : examples,templates                                
                framework.example.path.0 : examples                                          
                framework.example.path.1 : templates                                         
           framework.example.path.length : 2                                                 
                        framework.format : 1                                                 
                          framework.isV5 : true                                              
                          framework.isV6 : true                                              
     framework.language.js.input.version : ES5                                               
                          framework.name : ext                                               
                     framework.namespace : Ext                                               
                        framework.output : /Users/AGALAZ/ext-6.5.2/build                     
                     framework.overrides : /Users/AGALAZ/ext-6.5.2/overrides                 
                  framework.packages.dir : /Users/AGALAZ/ext-6.5.2/packages/,/Users/AGALAZ/ext-6.5.2/${toolkit.name}
                framework.resource.paths : resources                                         
              framework.resource.paths.0 : resources                                         
         framework.resource.paths.length : 1                                                 
                      framework.sass.etc : /Users/AGALAZ/ext-6.5.2/sass/etc/all.scss         
                  framework.sass.fashion : true                                              
                framework.sass.namespace : Ext                                               
                      framework.sass.src : /Users/AGALAZ/ext-6.5.2/sass/src                  
                      framework.sass.var : /Users/AGALAZ/ext-6.5.2/sass/var                  
        framework.signatures.0.algorithm : SHA1withRSA                                       
          framework.signatures.0.created : 2017-09-20T22:20:17Z                              
             framework.signatures.0.name : Sencha                                            
            framework.signatures.0.nonce : 0SX0J1vPsRY=                                      
        framework.signatures.0.signature : fxUVKdE4/wmxsEzvEOeykokra8P0d+xDbgNw+bTvLWA1jqA0YltSI6ZEv9zMdukSjeHdPJtJ536kvB3+FAEqpEowt8bsY3CBvuyzPgc4eTaqXv8mkMRRrdaEQABmhnbW8XWMN7LdKbSPWBeMcBr9E/tdva44qX9KyWzrymHRY75UtjhTfYgabb9O8WilfWkUaY2vL6oBaZRfCaRlnt9uXMUmWadbKvsl2Mf0RhDJyymmer6jjeWDnT+SFskwfhJtUM2AzsEMdO2pqVFk18J3RWhBRfOI+Kq4BbV8CYSH+RHP5Erj5OynfEt6H8ZN0sjjDrLjyaOA5aMeZY6FFKmFWQ==
             framework.signatures.0.uuid : 1d6b0d9c-3333-4e65-885f-5b07a1fc3198              
             framework.signatures.length : 1                                                 
                   framework.subpkgs.dir : /Users/AGALAZ/ext-6.5.2                           
              framework.subpkgs.packages : classic/classic,modern/modern,packages/charts,packages/amf,packages/soap,packages/ux,packages/google,packages/legacy,packages/font-awesome,packages/font-pictos,packages/font-ext
            framework.subpkgs.packages.0 : classic/classic                                   
            framework.subpkgs.packages.1 : modern/modern                                     
           framework.subpkgs.packages.10 : packages/font-ext                                 
            framework.subpkgs.packages.2 : packages/charts                                   
            framework.subpkgs.packages.3 : packages/amf                                      
            framework.subpkgs.packages.4 : packages/soap                                     
            framework.subpkgs.packages.5 : packages/ux                                       
            framework.subpkgs.packages.6 : packages/google                                   
            framework.subpkgs.packages.7 : packages/legacy                                   
            framework.subpkgs.packages.8 : packages/font-awesome                             
            framework.subpkgs.packages.9 : packages/font-pictos                              
       framework.subpkgs.packages.length : 11                                                
                       framework.summary : Ext JS                                            
                          framework.type : framework                                         
                       framework.version : 6.5.2.463                                         
                       inspector.address : http://localhost:1839/                            
                            minimal.mode : true                                              
                      package.base.names :                                                   
                   package.base.packages :                                                   
                       package.build.dir : ${package.output.base}                            
                       package.classpath : /Users/AGALAZ/ext-6.5.2/src                       
                   package.compatVersion : 6.5.0                                             
                      package.config.dir : /Users/AGALAZ/bin/Sencha/Cmd/6.5.3.6/ant/build/package
                         package.creator : Sencha                                            
             package.detailedDescription : Sencha Ext JS JavaScript Framework                
                             package.dir : /Users/AGALAZ/ext-6.5.2                           
                    package.example.apps : admin-dashboard,executive-dashboard,feed-viewer,kitchensink,calendar,classic/desktop,classic/ticket-app,classic/portal,classic/simple-tasks,classic/responsive-app,classic/aria,modern/addressbook,modern/blackberry,modern/energy,modern/stockapp,modern/states,modern/geocongress,modern/oreilly
                  package.example.apps.0 : admin-dashboard                                   
                  package.example.apps.1 : executive-dashboard                               
                 package.example.apps.10 : classic/aria                                      
                 package.example.apps.11 : modern/addressbook                                
                 package.example.apps.12 : modern/blackberry                                 
                 package.example.apps.13 : modern/energy                                     
                 package.example.apps.14 : modern/stockapp                                   
                 package.example.apps.15 : modern/states                                     
                 package.example.apps.16 : modern/geocongress                                
                 package.example.apps.17 : modern/oreilly                                    
                  package.example.apps.2 : feed-viewer                                       
                  package.example.apps.3 : kitchensink                                       
                  package.example.apps.4 : calendar                                          
                  package.example.apps.5 : classic/desktop                                   
                  package.example.apps.6 : classic/ticket-app                                
                  package.example.apps.7 : classic/portal                                    
                  package.example.apps.8 : classic/simple-tasks                              
                  package.example.apps.9 : classic/responsive-app                            
             package.example.apps.length : 18                                                
                    package.example.path : examples,templates                                
                  package.example.path.0 : examples                                          
                  package.example.path.1 : templates                                         
             package.example.path.length : 2                                                 
                          package.format : 1                                                 
       package.language.js.input.version : ES5                                               
                            package.name : ext                                               
                       package.namespace : Ext                                               
                          package.output : /Users/AGALAZ/ext-6.5.2/build                     
                       package.overrides : /Users/AGALAZ/ext-6.5.2/overrides                 
                  package.requires.names :                                                   
               package.requires.packages :                                                   
                  package.resource.paths : resources                                         
                package.resource.paths.0 : resources                                         
           package.resource.paths.length : 1                                                 
                    package.sass.dynamic : true                                              
                        package.sass.etc : /Users/AGALAZ/ext-6.5.2/sass/etc/all.scss         
                    package.sass.fashion : true                                              
                  package.sass.namespace : Ext                                               
                        package.sass.src : /Users/AGALAZ/ext-6.5.2/sass/src                  
                        package.sass.var : /Users/AGALAZ/ext-6.5.2/sass/var                  
          package.signatures.0.algorithm : SHA1withRSA                                       
            package.signatures.0.created : 2017-09-20T22:20:17Z                              
               package.signatures.0.name : Sencha                                            
              package.signatures.0.nonce : 0SX0J1vPsRY=                                      
          package.signatures.0.signature : fxUVKdE4/wmxsEzvEOeykokra8P0d+xDbgNw+bTvLWA1jqA0YltSI6ZEv9zMdukSjeHdPJtJ536kvB3+FAEqpEowt8bsY3CBvuyzPgc4eTaqXv8mkMRRrdaEQABmhnbW8XWMN7LdKbSPWBeMcBr9E/tdva44qX9KyWzrymHRY75UtjhTfYgabb9O8WilfWkUaY2vL6oBaZRfCaRlnt9uXMUmWadbKvsl2Mf0RhDJyymmer6jjeWDnT+SFskwfhJtUM2AzsEMdO2pqVFk18J3RWhBRfOI+Kq4BbV8CYSH+RHP5Erj5OynfEt6H8ZN0sjjDrLjyaOA5aMeZY6FFKmFWQ==
               package.signatures.0.uuid : 1d6b0d9c-3333-4e65-885f-5b07a1fc3198              
               package.signatures.length : 1                                                 
                     package.subpkgs.dir : /Users/AGALAZ/ext-6.5.2                           
                package.subpkgs.packages : classic/classic,modern/modern,packages/charts,packages/amf,packages/soap,packages/ux,packages/google,packages/legacy,packages/font-awesome,packages/font-pictos,packages/font-ext
              package.subpkgs.packages.0 : classic/classic                                   
              package.subpkgs.packages.1 : modern/modern                                     
             package.subpkgs.packages.10 : packages/font-ext                                 
              package.subpkgs.packages.2 : packages/charts                                   
              package.subpkgs.packages.3 : packages/amf                                      
              package.subpkgs.packages.4 : packages/soap                                     
              package.subpkgs.packages.5 : packages/ux                                       
              package.subpkgs.packages.6 : packages/google                                   
              package.subpkgs.packages.7 : packages/legacy                                   
              package.subpkgs.packages.8 : packages/font-awesome                             
              package.subpkgs.packages.9 : packages/font-pictos                              
         package.subpkgs.packages.length : 11                                                
                         package.summary : Ext JS                                            
                            package.type : framework                                         
                         package.version : 6.5.2.463                                         
                          repo.local.dir : /Users/AGALAZ/bin/Sencha/Cmd/repo                 
                       shared.sencha.dir : true                                              
                               skip.sass : 1                                                 
                              skip.slice : 1                                                 
        system.java.net.useSystemProxies : true                                              
                     workspace.build.dir : /Users/AGALAZ/ext-6.5.2/build                     
                    workspace.config.dir : /Users/AGALAZ/ext-6.5.2/.sencha/workspace         
                           workspace.dir : /Users/AGALAZ/ext-6.5.2                           
                  workspace.packages.dir : /Users/AGALAZ/ext-6.5.2/packages                  
                 workspace.subpkg.prefix : /Users/AGALAZ/ext-6.5.2/build/${toolkit.name}     

Exception information:
=======================
java.lang.NullPointerException
     at com.sencha.util.PathUtil.getAbsolutePath(PathUtil.java:213)
     at com.sencha.command.app.AppCommands$RefreshCommand.getParameters(AppCommands.java:1653)
     at com.sencha.command.BasePluginCommands$BasePluginCommand.getCustomEnvDescriptor(BasePluginCommands.java:82)
     at com.sencha.command.BasePluginCommands$BasePluginCommand.doExecute(BasePluginCommands.java:112)
     at com.sencha.command.app.AppCommands$RefreshCommand.execute(AppCommands.java:1631)
     at sun.reflect.NativeMethodAccessorImpl.invoke0(Native Method)
     at sun.reflect.NativeMethodAccessorImpl.invoke(NativeMethodAccessorImpl.java:62)
     at sun.reflect.DelegatingMethodAccessorImpl.invoke(DelegatingMethodAccessorImpl.java:43)
     at java.lang.reflect.Method.invoke(Method.java:497)
     at com.sencha.util.MethodInvoker$Arguments.invoke(MethodInvoker.java:175)
     at com.sencha.cli.Command.dispatch(Command.java:43)
     at com.sencha.command.BasePluginCommands$BasePluginCommand.dispatch(BasePluginCommands.java:289)
     at com.sencha.cli.Commands.dispatch(Commands.java:64)
     at com.sencha.cli.Commands.dispatch(Commands.java:64)
     at com.sencha.command.Sencha.dispatch(Sencha.java:80)
     at com.sencha.command.Sencha.main(Sencha.java:147)
     at sun.reflect.NativeMethodAccessorImpl.invoke0(Native Method)
     at sun.reflect.NativeMethodAccessorImpl.invoke(NativeMethodAccessorImpl.java:62)
     at sun.reflect.DelegatingMethodAccessorImpl.invoke(DelegatingMethodAccessorImpl.java:43)
     at java.lang.reflect.Method.invoke(Method.java:497)
     at com.exe4j.runtime.LauncherEngine.launch(LauncherEngine.java:65)
     at com.install4j.runtime.launcher.UnixLauncher.main(UnixLauncher.java:57)

